{"level":"debug","message":"Logging initialized at debug level"}
{"level":"debug","message":"Using .env file to supply config environment variables"}
{"level":"info","message":"Connected to MongoDB"}
{"level":"debug","message":"Logging initialized at debug level"}
{"level":"debug","message":"Using .env file to supply config environment variables"}
{"level":"info","message":"Connected to MongoDB"}
{"level":"debug","message":"Logging initialized at debug level"}
{"level":"debug","message":"Using .env file to supply config environment variables"}
{"level":"info","message":"Connected to MongoDB"}
{"level":"debug","message":"Logging initialized at debug level"}
{"level":"debug","message":"Using .env file to supply config environment variables"}
{"level":"info","message":"Connected to MongoDB"}
{"level":"debug","message":"Logging initialized at debug level"}
{"level":"debug","message":"Using .env file to supply config environment variables"}
{"level":"info","message":"Connected to MongoDB"}
{"level":"debug","message":"Logging initialized at debug level"}
{"level":"debug","message":"Using .env file to supply config environment variables"}
{"level":"info","message":"Connected to MongoDB"}
{"level":"debug","message":"Logging initialized at debug level"}
{"level":"debug","message":"Using .env file to supply config environment variables"}
{"level":"info","message":"Connected to MongoDB"}
{"level":"debug","message":"Logging initialized at debug level"}
{"level":"debug","message":"Using .env file to supply config environment variables"}
{"level":"debug","message":"Logging initialized at debug level"}
{"level":"debug","message":"Using .env file to supply config environment variables"}
{"level":"info","message":"Connected to MongoDB"}
{"level":"debug","message":"Logging initialized at debug level"}
{"level":"debug","message":"Using .env file to supply config environment variables"}
{"level":"info","message":"Connected to MongoDB"}
{"level":"debug","message":"Logging initialized at debug level"}
{"level":"debug","message":"Using .env file to supply config environment variables"}
{"level":"info","message":"Connected to MongoDB"}
{"level":"debug","message":"Logging initialized at debug level"}
{"level":"debug","message":"Using .env file to supply config environment variables"}
{"level":"info","message":"Connected to MongoDB"}
{"level":"debug","message":"Logging initialized at debug level"}
{"level":"debug","message":"Using .env file to supply config environment variables"}
{"level":"info","message":"Connected to MongoDB"}
{"level":"debug","message":"Logging initialized at debug level"}
{"level":"debug","message":"Using .env file to supply config environment variables"}
{"level":"info","message":"Connected to MongoDB"}
{"level":"debug","message":"Logging initialized at debug level"}
{"level":"debug","message":"Using .env file to supply config environment variables"}
{"level":"info","message":"Connected to MongoDB"}
{"level":"debug","message":"Logging initialized at debug level"}
{"level":"debug","message":"Using .env file to supply config environment variables"}
{"level":"info","message":"Connected to MongoDB"}
{"level":"debug","message":"Logging initialized at debug level"}
{"level":"debug","message":"Using .env file to supply config environment variables"}
{"level":"info","message":"Connected to MongoDB"}
{"level":"debug","message":"Logging initialized at debug level"}
{"level":"debug","message":"Using .env file to supply config environment variables"}
{"level":"info","message":"Connected to MongoDB"}
{"level":"debug","message":"Logging initialized at debug level"}
{"level":"debug","message":"Using .env file to supply config environment variables"}
{"level":"info","message":"Connected to MongoDB"}
{"level":"debug","message":"Logging initialized at debug level"}
{"level":"debug","message":"Using .env file to supply config environment variables"}
{"level":"info","message":"Connected to MongoDB"}
{"level":"debug","message":"Logging initialized at debug level"}
{"level":"debug","message":"Using .env file to supply config environment variables"}
{"level":"info","message":"Connected to MongoDB"}
<<<<<<< HEAD
{"level":"debug","message":"Logging initialized at debug level"}
{"level":"debug","message":"Using .env file to supply config environment variables"}
{"level":"info","message":"Connected to MongoDB"}
{"level":"debug","message":"Logging initialized at debug level"}
{"level":"debug","message":"Using .env file to supply config environment variables"}
{"level":"info","message":"Connected to MongoDB"}
=======
>>>>>>> e6b35b50ecc4f164cf72664368d328063a8b2ef8
{"level":"debug","message":"Logging initialized at debug level"}
{"level":"debug","message":"Using .env file to supply config environment variables"}
{"level":"info","message":"Connected to MongoDB"}
{"level":"debug","message":"Logging initialized at debug level"}
{"level":"debug","message":"Using .env file to supply config environment variables"}
{"level":"info","message":"Connected to MongoDB"}
{"level":"debug","message":"Logging initialized at debug level"}
{"level":"debug","message":"Using .env file to supply config environment variables"}
{"level":"info","message":"Connected to MongoDB"}
{"level":"debug","message":"Logging initialized at debug level"}
{"level":"debug","message":"Using .env file to supply config environment variables"}
{"level":"info","message":"Connected to MongoDB"}
{"level":"debug","message":"Logging initialized at debug level"}
{"level":"debug","message":"Using .env file to supply config environment variables"}
{"level":"info","message":"Connected to MongoDB"}
